action: GLOB, msg: packaging
cwd: C:\Users\yoges\PycharmProjects\winequality_dvc_pipeline\winequality
cmd: 'c:\users\yoges\anaconda3\envs\winequality_dvc_pipeline\python.exe' setup.py sdist --formats=zip --dist-dir '.tox\dist'
running sdist
running egg_info
writing src.egg-info\PKG-INFO
writing dependency_links to src.egg-info\dependency_links.txt
writing top-level names to src.egg-info\top_level.txt
reading manifest file 'src.egg-info\SOURCES.txt'
adding license file 'LICENSE'
writing manifest file 'src.egg-info\SOURCES.txt'
running check
warning: check: missing required meta-data: url

warning: check: missing meta-data: if 'author' supplied, 'author_email' must be supplied too

creating src-0.1.0
creating src-0.1.0\src
creating src-0.1.0\src.egg-info
creating src-0.1.0\src\data
creating src-0.1.0\src\features
creating src-0.1.0\src\models
creating src-0.1.0\src\visualization
creating src-0.1.0\tests
copying files to src-0.1.0...
copying LICENSE -> src-0.1.0
copying README.md -> src-0.1.0
copying setup.py -> src-0.1.0
copying src\__init__.py -> src-0.1.0\src
copying src\get_data.py -> src-0.1.0\src
copying src\load_data.py -> src-0.1.0\src
copying src\split_data.py -> src-0.1.0\src
copying src\train_and_evaluate.py -> src-0.1.0\src
copying src.egg-info\PKG-INFO -> src-0.1.0\src.egg-info
copying src.egg-info\SOURCES.txt -> src-0.1.0\src.egg-info
copying src.egg-info\dependency_links.txt -> src-0.1.0\src.egg-info
copying src.egg-info\top_level.txt -> src-0.1.0\src.egg-info
copying src\data\__init__.py -> src-0.1.0\src\data
copying src\data\make_dataset.py -> src-0.1.0\src\data
copying src\features\__init__.py -> src-0.1.0\src\features
copying src\features\build_features.py -> src-0.1.0\src\features
copying src\models\__init__.py -> src-0.1.0\src\models
copying src\models\predict_model.py -> src-0.1.0\src\models
copying src\models\train_model.py -> src-0.1.0\src\models
copying src\visualization\__init__.py -> src-0.1.0\src\visualization
copying src\visualization\visualize.py -> src-0.1.0\src\visualization
copying tests\__init__.py -> src-0.1.0\tests
copying tests\conftest.py -> src-0.1.0\tests
copying tests\test_config.py -> src-0.1.0\tests
Writing src-0.1.0\setup.cfg
creating '.tox\dist\src-0.1.0.zip' and adding 'src-0.1.0' to it
adding 'src-0.1.0'
adding 'src-0.1.0\src'
adding 'src-0.1.0\src.egg-info'
adding 'src-0.1.0\tests'
adding 'src-0.1.0\LICENSE'
adding 'src-0.1.0\PKG-INFO'
adding 'src-0.1.0\README.md'
adding 'src-0.1.0\setup.cfg'
adding 'src-0.1.0\setup.py'
adding 'src-0.1.0\src\data'
adding 'src-0.1.0\src\features'
adding 'src-0.1.0\src\models'
adding 'src-0.1.0\src\visualization'
adding 'src-0.1.0\src\get_data.py'
adding 'src-0.1.0\src\load_data.py'
adding 'src-0.1.0\src\split_data.py'
adding 'src-0.1.0\src\train_and_evaluate.py'
adding 'src-0.1.0\src\__init__.py'
adding 'src-0.1.0\src\data\make_dataset.py'
adding 'src-0.1.0\src\data\__init__.py'
adding 'src-0.1.0\src\features\build_features.py'
adding 'src-0.1.0\src\features\__init__.py'
adding 'src-0.1.0\src\models\predict_model.py'
adding 'src-0.1.0\src\models\train_model.py'
adding 'src-0.1.0\src\models\__init__.py'
adding 'src-0.1.0\src\visualization\visualize.py'
adding 'src-0.1.0\src\visualization\__init__.py'
adding 'src-0.1.0\src.egg-info\dependency_links.txt'
adding 'src-0.1.0\src.egg-info\PKG-INFO'
adding 'src-0.1.0\src.egg-info\SOURCES.txt'
adding 'src-0.1.0\src.egg-info\top_level.txt'
adding 'src-0.1.0\tests\conftest.py'
adding 'src-0.1.0\tests\test_config.py'
adding 'src-0.1.0\tests\__init__.py'
removing 'src-0.1.0' (and everything under it)
